
  .   ____          _            __ _ _
 /\\ / ___'_ __ _ _(_)_ __  __ _ \ \ \ \
( ( )\___ | '_ | '_| | '_ \/ _` | \ \ \ \
 \\/  ___)| |_)| | | | | || (_| |  ) ) ) )
  '  |____| .__|_| |_|_| |_\__, | / / / /
 =========|_|==============|___/=/_/_/_/
 :: Spring Boot ::                (v3.2.3)

2025-06-11T09:06:28.036-03:00  INFO 604604 --- [apirest] [           main] com.example.apirest.ApirestApplication   : Starting ApirestApplication v0.0.1-SNAPSHOT using Java 17.0.15 with PID 604604 (/home/pablo/Desktop/TUP/laboratorio_4_gonzalez/ecommerce zapatillas/apirest/target/apirest-0.0.1-SNAPSHOT.jar started by pablo in /home/pablo/Desktop/TUP/laboratorio_4_gonzalez/ecommerce zapatillas/apirest)
2025-06-11T09:06:28.040-03:00  INFO 604604 --- [apirest] [           main] com.example.apirest.ApirestApplication   : No active profile set, falling back to 1 default profile: "default"
2025-06-11T09:06:29.762-03:00  INFO 604604 --- [apirest] [           main] .s.d.r.c.RepositoryConfigurationDelegate : Bootstrapping Spring Data JPA repositories in DEFAULT mode.
2025-06-11T09:06:29.934-03:00  INFO 604604 --- [apirest] [           main] .s.d.r.c.RepositoryConfigurationDelegate : Finished Spring Data repository scanning in 161 ms. Found 15 JPA repository interfaces.
2025-06-11T09:06:31.053-03:00  INFO 604604 --- [apirest] [           main] o.s.b.w.embedded.tomcat.TomcatWebServer  : Tomcat initialized with port 9000 (http)
2025-06-11T09:06:31.142-03:00  INFO 604604 --- [apirest] [           main] w.s.c.ServletWebServerApplicationContext : Root WebApplicationContext: initialization completed in 2951 ms
2025-06-11T09:06:31.394-03:00  INFO 604604 --- [apirest] [           main] o.hibernate.jpa.internal.util.LogHelper  : HHH000204: Processing PersistenceUnitInfo [name: default]
2025-06-11T09:06:31.530-03:00  INFO 604604 --- [apirest] [           main] org.hibernate.Version                    : HHH000412: Hibernate ORM core version 6.4.4.Final
2025-06-11T09:06:31.607-03:00  INFO 604604 --- [apirest] [           main] o.h.c.internal.RegionFactoryInitiator    : HHH000026: Second-level cache disabled
2025-06-11T09:06:31.770-03:00  INFO 604604 --- [apirest] [           main] o.h.e.boot.internal.EnversServiceImpl    : Envers integration enabled? : true
2025-06-11T09:06:32.032-03:00  INFO 604604 --- [apirest] [           main] o.s.o.j.p.SpringPersistenceUnitInfo      : No LoadTimeWeaver setup: ignoring JPA class transformer
2025-06-11T09:06:32.092-03:00  INFO 604604 --- [apirest] [           main] com.zaxxer.hikari.HikariDataSource       : HikariPool-1 - Starting...
2025-06-11T09:06:32.641-03:00  INFO 604604 --- [apirest] [           main] com.zaxxer.hikari.pool.HikariPool        : HikariPool-1 - Added connection com.mysql.cj.jdbc.ConnectionImpl@7a730479
2025-06-11T09:06:32.650-03:00  INFO 604604 --- [apirest] [           main] com.zaxxer.hikari.HikariDataSource       : HikariPool-1 - Start completed.
2025-06-11T09:06:32.702-03:00  WARN 604604 --- [apirest] [           main] org.hibernate.orm.deprecation            : HHH90000025: MySQLDialect does not need to be specified explicitly using 'hibernate.dialect' (remove the property setting and it will be selected by default)
2025-06-11T09:06:33.051-03:00  INFO 604604 --- [apirest] [           main] o.h.e.c.i.m.AuditMetadataGenerator       : Adding properties for entity: com.example.apirest.entities.Colour
2025-06-11T09:06:33.054-03:00  INFO 604604 --- [apirest] [           main] o.h.e.c.i.m.AuditMetadataGenerator       : Adding properties for entity: com.example.apirest.entities.ProductSize
2025-06-11T09:06:33.055-03:00  INFO 604604 --- [apirest] [           main] o.h.e.c.i.m.AuditMetadataGenerator       : Adding properties for entity: com.example.apirest.entities.ProductDiscount
2025-06-11T09:06:33.055-03:00  INFO 604604 --- [apirest] [           main] o.h.e.c.i.m.AuditMetadataGenerator       : Adding properties for entity: com.example.apirest.entities.Brand
2025-06-11T09:06:33.055-03:00  INFO 604604 --- [apirest] [           main] o.h.e.c.i.m.AuditMetadataGenerator       : Adding properties for entity: com.example.apirest.entities.User
2025-06-11T09:06:33.056-03:00  INFO 604604 --- [apirest] [           main] o.h.e.c.i.m.AuditMetadataGenerator       : Adding properties for entity: com.example.apirest.entities.UsersAdress
2025-06-11T09:06:33.056-03:00  INFO 604604 --- [apirest] [           main] o.h.e.c.i.m.AuditMetadataGenerator       : Adding properties for entity: com.example.apirest.entities.Detail
2025-06-11T09:06:33.056-03:00  INFO 604604 --- [apirest] [           main] o.h.e.c.i.m.AuditMetadataGenerator       : Adding properties for entity: com.example.apirest.entities.Product
2025-06-11T09:06:33.059-03:00  INFO 604604 --- [apirest] [           main] o.h.e.c.i.m.AuditMetadataGenerator       : Adding properties for entity: com.example.apirest.entities.Size
2025-06-11T09:06:33.059-03:00  INFO 604604 --- [apirest] [           main] o.h.e.c.i.m.AuditMetadataGenerator       : Adding properties for entity: com.example.apirest.entities.ProductImage
2025-06-11T09:06:33.060-03:00  INFO 604604 --- [apirest] [           main] o.h.e.c.i.m.AuditMetadataGenerator       : Adding properties for entity: com.example.apirest.entities.PurchaseOrder
2025-06-11T09:06:33.060-03:00  INFO 604604 --- [apirest] [           main] o.h.e.c.i.m.AuditMetadataGenerator       : Adding properties for entity: com.example.apirest.entities.Category
2025-06-11T09:06:33.060-03:00  INFO 604604 --- [apirest] [           main] o.h.e.c.i.m.AuditMetadataGenerator       : Adding properties for entity: com.example.apirest.entities.Type
2025-06-11T09:06:33.060-03:00  INFO 604604 --- [apirest] [           main] o.h.e.c.i.m.AuditMetadataGenerator       : Adding properties for entity: com.example.apirest.entities.Discount
2025-06-11T09:06:33.060-03:00  INFO 604604 --- [apirest] [           main] o.h.e.c.i.m.AuditMetadataGenerator       : Adding properties for entity: com.example.apirest.entities.Adress
2025-06-11T09:06:33.930-03:00  INFO 604604 --- [apirest] [           main] o.h.e.t.j.p.i.JtaPlatformInitiator       : HHH000489: No JTA platform available (set 'hibernate.transaction.jta.platform' to enable JTA platform integration)
2025-06-11T09:06:34.116-03:00  INFO 604604 --- [apirest] [           main] j.LocalContainerEntityManagerFactoryBean : Initialized JPA EntityManagerFactory for persistence unit 'default'
2025-06-11T09:06:34.610-03:00  INFO 604604 --- [apirest] [           main] o.s.d.j.r.query.QueryEnhancerFactory     : Hibernate is in classpath; If applicable, HQL parser will be used.
✅ Mercado Pago configurado correctamente desde Configuration
2025-06-11T09:06:35.523-03:00  WARN 604604 --- [apirest] [           main] JpaBaseConfiguration$JpaWebConfiguration : spring.jpa.open-in-view is enabled by default. Therefore, database queries may be performed during view rendering. Explicitly configure spring.jpa.open-in-view to disable this warning
2025-06-11T09:06:36.206-03:00  INFO 604604 --- [apirest] [           main] o.s.s.web.DefaultSecurityFilterChain     : Will secure any request with [org.springframework.security.web.session.DisableEncodeUrlFilter@290798cb, org.springframework.security.web.context.request.async.WebAsyncManagerIntegrationFilter@4fe9a720, org.springframework.security.web.context.SecurityContextHolderFilter@54398386, org.springframework.security.web.header.HeaderWriterFilter@3e4aabde, org.springframework.web.filter.CorsFilter@7db373b2, org.springframework.security.web.authentication.logout.LogoutFilter@53963f8e, com.example.apirest.Jwt.JwtAuthenticationFilter@393aac93, org.springframework.security.web.savedrequest.RequestCacheAwareFilter@2b7e2212, org.springframework.security.web.servletapi.SecurityContextHolderAwareRequestFilter@7b9866c6, org.springframework.security.web.authentication.AnonymousAuthenticationFilter@4b91ac30, org.springframework.security.web.session.SessionManagementFilter@5e22ac65, org.springframework.security.web.access.ExceptionTranslationFilter@39562fc2, org.springframework.security.web.access.intercept.AuthorizationFilter@39dbea69]
2025-06-11T09:06:36.631-03:00  INFO 604604 --- [apirest] [           main] o.s.b.w.embedded.tomcat.TomcatWebServer  : Tomcat started on port 9000 (http) with context path ''
2025-06-11T09:06:36.660-03:00  INFO 604604 --- [apirest] [           main] com.example.apirest.ApirestApplication   : Started ApirestApplication in 9.325 seconds (process running for 9.993)
2025-06-11T09:06:36.666-03:00  INFO 604604 --- [apirest] [           main] .s.b.a.l.ConditionEvaluationReportLogger : 

Error starting ApplicationContext. To display the condition evaluation report re-run your application with 'debug' enabled.
2025-06-11T09:06:36.666-03:00  INFO 604604 --- [apirest] [ionShutdownHook] j.LocalContainerEntityManagerFactoryBean : Closing JPA EntityManagerFactory for persistence unit 'default'
2025-06-11T09:06:36.669-03:00  INFO 604604 --- [apirest] [ionShutdownHook] com.zaxxer.hikari.HikariDataSource       : HikariPool-1 - Shutdown initiated...
2025-06-11T09:06:36.677-03:00  INFO 604604 --- [apirest] [ionShutdownHook] com.zaxxer.hikari.HikariDataSource       : HikariPool-1 - Shutdown completed.
